<?xml version='1.0' encoding='UTF-8'?>
<testsuite hostname="april-dell" name="edu.colorado.csci3155.project1.StackMachineTest" tests="5" errors="0" failures="0" skipped="0" time="0.053" timestamp="2020-10-12T15:42:24">
                     <properties>
      <property name="awt.toolkit" value="sun.awt.X11.XToolkit"/><property name="java.specification.version" value="11"/><property name="sun.cpu.isalist" value=""/><property name="sun.jnu.encoding" value="UTF-8"/><property name="sun.arch.data.model" value="64"/><property name="java.vendor.url" value="https://ubuntu.com/"/><property name="sun.boot.library.path" value="/usr/lib/jvm/java-11-openjdk-amd64/lib"/><property name="sun.java.command" value="/home/april/.cache/JetBrains/IntelliJIdea2020.2/sbtexe/sbt-launch-1.3.9.jar test exit"/><property name="jdk.debug" value="release"/><property name="java.specification.vendor" value="Oracle Corporation"/><property name="java.version.date" value="2020-07-14"/><property name="java.home" value="/usr/lib/jvm/java-11-openjdk-amd64"/><property name="file.separator" value="/"/><property name="java.vm.compressedOopsMode" value="32-bit"/><property name="line.separator" value="
"/><property name="java.specification.name" value="Java Platform API Specification"/><property name="java.vm.specification.vendor" value="Oracle Corporation"/><property name="sun.management.compiler" value="HotSpot 64-Bit Tiered Compilers"/><property name="java.runtime.version" value="11.0.8+10-post-Ubuntu-0ubuntu118.04.1"/><property name="user.name" value="april"/><property name="log4j.ignoreTCL" value="true"/><property name="file.encoding" value="UTF-8"/><property name="java.io.tmpdir" value="/tmp"/><property name="java.version" value="11.0.8"/><property name="java.vm.specification.name" value="Java Virtual Machine Specification"/><property name="java.awt.printerjob" value="sun.print.PSPrinterJob"/><property name="sun.os.patch.level" value="unknown"/><property name="java.library.path" value="/usr/java/packages/lib:/usr/lib/x86_64-linux-gnu/jni:/lib/x86_64-linux-gnu:/usr/lib/x86_64-linux-gnu:/usr/lib/jni:/lib:/usr/lib"/><property name="java.vendor" value="Ubuntu"/><property name="sun.io.unicode.encoding" value="UnicodeLittle"/><property name="sun.desktop" value="gnome"/><property name="java.class.path" value="/home/april/.cache/JetBrains/IntelliJIdea2020.2/sbtexe/sbt-launch-1.3.9.jar"/><property name="java.vm.vendor" value="Ubuntu"/><property name="jline.shutdownhook" value="false"/><property name="user.timezone" value="America/Denver"/><property name="os.name" value="Linux"/><property name="java.vm.specification.version" value="11"/><property name="sun.java.launcher" value="SUN_STANDARD"/><property name="user.country" value="US"/><property name="sun.cpu.endian" value="little"/><property name="user.home" value="/home/april"/><property name="user.language" value="en"/><property name="swoval.tmpdir" value="/home/april/.sbt/1.0"/><property name="java.awt.graphicsenv" value="sun.awt.X11GraphicsEnvironment"/><property name="jline.esc.timeout" value="0"/><property name="path.separator" value=":"/><property name="os.version" value="5.4.0-48-generic"/><property name="jna.nosys" value="true"/><property name="java.runtime.name" value="OpenJDK Runtime Environment"/><property name="sbt.log.noformat" value="true"/><property name="java.vm.name" value="OpenJDK 64-Bit Server VM"/><property name="java.vendor.url.bug" value="https://bugs.launchpad.net/ubuntu/+source/openjdk-lts"/><property name="user.dir" value="/home/april/hw/lab_1/csci_3155_Hw/csci3155_s20_project1"/><property name="os.arch" value="amd64"/><property name="java.vm.info" value="mixed mode, sharing"/><property name="java.vm.version" value="11.0.8+10-post-Ubuntu-0ubuntu118.04.1"/><property name="java.class.version" value="55.0"/>
    </properties>
                     <testcase classname="edu.colorado.csci3155.project1.StackMachineTest" name="stack machine test 1" time="0.032">
                                                 
                                               </testcase><testcase classname="edu.colorado.csci3155.project1.StackMachineTest" name="stack machine test 2" time="0.006">
                                                 
                                               </testcase><testcase classname="edu.colorado.csci3155.project1.StackMachineTest" name="stack machine test 3" time="0.003">
                                                 
                                               </testcase><testcase classname="edu.colorado.csci3155.project1.StackMachineTest" name="stack machine test 4" time="0.007">
                                                 
                                               </testcase><testcase classname="edu.colorado.csci3155.project1.StackMachineTest" name="stack machine test 5" time="0.005">
                                                 
                                               </testcase>
                     <system-out><![CDATA[]]></system-out>
                     <system-err><![CDATA[]]></system-err>
                   </testsuite>